<?xml version="1.0" encoding="UTF-8"?>
<testsuite xmlns:xsi="http://www.w3.org/2001/XMLSchema-instance" xsi:noNamespaceSchemaLocation="https://maven.apache.org/surefire/maven-surefire-plugin/xsd/surefire-test-report-3.0.xsd" version="3.0" name="com.example.runners.TestRunner" time="5.837" tests="1" errors="1" skipped="0" failures="0">
  <properties>
[...]
</properties>
  <testcase name="Validación del precio de un producto" classname="Product - Store" time="4.979">
    <error message="session not created: This version of ChromeDriver only supports Chrome version 114&#10;Current browser version is 122.0.6261.129 with binary path C:\Program Files\Google\Chrome\Application\chrome.exe&#10;Build info: version: &apos;3.141.59&apos;, revision: &apos;e82be7d358&apos;, time: &apos;2018-11-14T08:17:03&apos;&#10;System info: host: &apos;DESKTOP-7IMGCDR&apos;, ip: &apos;192.168.0.11&apos;, os.name: &apos;Windows 10&apos;, os.arch: &apos;amd64&apos;, os.version: &apos;10.0&apos;, java.version: &apos;21.0.4&apos;&#10;Driver info: driver.version: ChromeDriver&#10;remote stacktrace: Backtrace:&#10;	GetHandleVerifier [0x0110A813+48355]&#10;	(No symbol) [0x0109C4B1]&#10;	(No symbol) [0x00FA5358]&#10;	(No symbol) [0x00FC61AC]&#10;	(No symbol) [0x00FC1EF3]&#10;	(No symbol) [0x00FC0579]&#10;	(No symbol) [0x00FF0C55]&#10;	(No symbol) [0x00FF093C]&#10;	(No symbol) [0x00FEA536]&#10;	(No symbol) [0x00FC82DC]&#10;	(No symbol) [0x00FC93DD]&#10;	GetHandleVerifier [0x0136AABD+2539405]&#10;	GetHandleVerifier [0x013AA78F+2800735]&#10;	GetHandleVerifier [0x013A456C+2775612]&#10;	GetHandleVerifier [0x011951E0+616112]&#10;	(No symbol) [0x010A5F8C]&#10;	(No symbol) [0x010A2328]&#10;	(No symbol) [0x010A240B]&#10;	(No symbol) [0x01094FF7]&#10;	BaseThreadInitThunk [0x7600FCC9+25]&#10;	RtlGetAppContainerNamedObjectPath [0x777280CE+286]&#10;	RtlGetAppContainerNamedObjectPath [0x7772809E+238]&#10;" type="org.openqa.selenium.SessionNotCreatedException"><![CDATA[org.openqa.selenium.SessionNotCreatedException: 
session not created: This version of ChromeDriver only supports Chrome version 114
Current browser version is 122.0.6261.129 with binary path C:\Program Files\Google\Chrome\Application\chrome.exe
Build info: version: '3.141.59', revision: 'e82be7d358', time: '2018-11-14T08:17:03'
System info: host: 'DESKTOP-7IMGCDR', ip: '192.168.0.11', os.name: 'Windows 10', os.arch: 'amd64', os.version: '10.0', java.version: '21.0.4'
Driver info: driver.version: ChromeDriver
remote stacktrace: Backtrace:
	GetHandleVerifier [0x0110A813+48355]
	(No symbol) [0x0109C4B1]
	(No symbol) [0x00FA5358]
	(No symbol) [0x00FC61AC]
	(No symbol) [0x00FC1EF3]
	(No symbol) [0x00FC0579]
	(No symbol) [0x00FF0C55]
	(No symbol) [0x00FF093C]
	(No symbol) [0x00FEA536]
	(No symbol) [0x00FC82DC]
	(No symbol) [0x00FC93DD]
	GetHandleVerifier [0x0136AABD+2539405]
	GetHandleVerifier [0x013AA78F+2800735]
	GetHandleVerifier [0x013A456C+2775612]
	GetHandleVerifier [0x011951E0+616112]
	(No symbol) [0x010A5F8C]
	(No symbol) [0x010A2328]
	(No symbol) [0x010A240B]
	(No symbol) [0x01094FF7]
	BaseThreadInitThunk [0x7600FCC9+25]
	RtlGetAppContainerNamedObjectPath [0x777280CE+286]
	RtlGetAppContainerNamedObjectPath [0x7772809E+238]

]]></error>
    <system-out><![CDATA[
Scenario: Validación del precio de un producto                          &amp#27;[90m# src/test/resources/features/store.feature:3&amp#27;[0m
      &amp#27;[31morg.openqa.selenium.SessionNotCreatedException: session not created: This version of ChromeDriver only supports Chrome version 114
Current browser version is 122.0.6261.129 with binary path C:\Program Files\Google\Chrome\Application\chrome.exe
Build info: version: '3.141.59', revision: 'e82be7d358', time: '2018-11-14T08:17:03'
System info: host: 'DESKTOP-7IMGCDR', ip: '192.168.0.11', os.name: 'Windows 10', os.arch: 'amd64', os.version: '10.0', java.version: '21.0.4'
Driver info: driver.version: ChromeDriver
remote stacktrace: Backtrace:
	GetHandleVerifier [0x0110A813+48355]
	(No symbol) [0x0109C4B1]
	(No symbol) [0x00FA5358]
	(No symbol) [0x00FC61AC]
	(No symbol) [0x00FC1EF3]
	(No symbol) [0x00FC0579]
	(No symbol) [0x00FF0C55]
	(No symbol) [0x00FF093C]
	(No symbol) [0x00FEA536]
	(No symbol) [0x00FC82DC]
	(No symbol) [0x00FC93DD]
	GetHandleVerifier [0x0136AABD+2539405]
	GetHandleVerifier [0x013AA78F+2800735]
	GetHandleVerifier [0x013A456C+2775612]
	GetHandleVerifier [0x011951E0+616112]
	(No symbol) [0x010A5F8C]
	(No symbol) [0x010A2328]
	(No symbol) [0x010A240B]
	(No symbol) [0x01094FF7]
	BaseThreadInitThunk [0x7600FCC9+25]
	RtlGetAppContainerNamedObjectPath [0x777280CE+286]
	RtlGetAppContainerNamedObjectPath [0x7772809E+238]

	at java.base/jdk.internal.reflect.DirectConstructorHandleAccessor.newInstance(DirectConstructorHandleAccessor.java:62)
	at java.base/java.lang.reflect.Constructor.newInstanceWithCaller(Constructor.java:502)
	at java.base/java.lang.reflect.Constructor.newInstance(Constructor.java:486)
	at org.openqa.selenium.remote.W3CHandshakeResponse.lambda$errorHandler$0(W3CHandshakeResponse.java:62)
	at org.openqa.selenium.remote.HandshakeResponse.lambda$getResponseFunction$0(HandshakeResponse.java:30)
	at org.openqa.selenium.remote.ProtocolHandshake.lambda$createSession$0(ProtocolHandshake.java:126)
	at java.base/java.util.stream.ReferencePipeline$3$1.accept(ReferencePipeline.java:197)
	at java.base/java.util.Spliterators$ArraySpliterator.tryAdvance(Spliterators.java:1034)
	at java.base/java.util.stream.ReferencePipeline.forEachWithCancel(ReferencePipeline.java:129)
	at java.base/java.util.stream.AbstractPipeline.copyIntoWithCancel(AbstractPipeline.java:527)
	at java.base/java.util.stream.AbstractPipeline.copyInto(AbstractPipeline.java:513)
	at java.base/java.util.stream.AbstractPipeline.wrapAndCopyInto(AbstractPipeline.java:499)
	at java.base/java.util.stream.FindOps$FindOp.evaluateSequential(FindOps.java:150)
	at java.base/java.util.stream.AbstractPipeline.evaluate(AbstractPipeline.java:234)
	at java.base/java.util.stream.ReferencePipeline.findFirst(ReferencePipeline.java:647)
	at org.openqa.selenium.remote.ProtocolHandshake.createSession(ProtocolHandshake.java:128)
	at org.openqa.selenium.remote.ProtocolHandshake.createSession(ProtocolHandshake.java:74)
	at org.openqa.selenium.remote.HttpCommandExecutor.execute(HttpCommandExecutor.java:136)
	at org.openqa.selenium.remote.service.DriverCommandExecutor.execute(DriverCommandExecutor.java:83)
	at org.openqa.selenium.remote.RemoteWebDriver.execute(RemoteWebDriver.java:552)
	at org.openqa.selenium.remote.RemoteWebDriver.startSession(RemoteWebDriver.java:213)
	at org.openqa.selenium.remote.RemoteWebDriver.<init>(RemoteWebDriver.java:131)
	at org.openqa.selenium.chrome.ChromeDriver.<init>(ChromeDriver.java:181)
	at org.openqa.selenium.chrome.ChromeDriver.<init>(ChromeDriver.java:168)
	at org.openqa.selenium.chrome.ChromeDriver.<init>(ChromeDriver.java:123)
	at com.example.utils.DriverFactory.getDriver(DriverFactory.java:13)
	at com.example.stepdefinitions.StoreSteps.setUp(StoreSteps.java:27)
&amp#27;[0m
  &amp#27;[36mGiven &amp#27;[0m&amp#27;[36mestoy en la página de la tienda&amp#27;[0m                                 &amp#27;[90m# com.example.stepdefinitions.StoreSteps.estoy_en_la_página_de_la_tienda()&amp#27;[0m
  &amp#27;[36mAnd &amp#27;[0m&amp#27;[36mme logueo con mi usuario &amp#27;[0m&amp#27;[36m&amp#27;[1m"XXX"&amp#27;[0m&amp#27;[36m y clave &amp#27;[0m&amp#27;[36m&amp#27;[1m"YYY"&amp#27;[0m                      &amp#27;[90m# com.example.stepdefinitions.StoreSteps.me_logueo_con_mi_usuario_y_clave(java.lang.String,java.lang.String)&amp#27;[0m
  &amp#27;[36mWhen &amp#27;[0m&amp#27;[36mnavego a la categoria &amp#27;[0m&amp#27;[36m&amp#27;[1m"Clothes"&amp#27;[0m&amp#27;[36m y subcategoria &amp#27;[0m&amp#27;[36m&amp#27;[1m"Men"&amp#27;[0m             &amp#27;[90m# com.example.stepdefinitions.StoreSteps.navego_a_la_categoria_y_subcategoria(java.lang.String,java.lang.String)&amp#27;[0m
  &amp#27;[36mAnd &amp#27;[0m&amp#27;[36magrego &amp#27;[0m&amp#27;[36m&amp#27;[1m2&amp#27;[0m&amp#27;[36m unidades del primer producto al carrito&amp#27;[0m                  &amp#27;[90m# com.example.stepdefinitions.StoreSteps.agrego_unidades_del_primer_producto_al_carrito(java.lang.Integer)&amp#27;[0m
  &amp#27;[36mThen &amp#27;[0m&amp#27;[36mvalido en el popup la confirmación del producto agregado&amp#27;[0m         &amp#27;[90m# com.example.stepdefinitions.StoreSteps.valido_en_el_popup_la_confirmación_del_producto_agregado()&amp#27;[0m
  &amp#27;[36mAnd &amp#27;[0m&amp#27;[36mvalido en el popup que el monto total sea calculado correctamente&amp#27;[0m &amp#27;[90m# com.example.stepdefinitions.StoreSteps.valido_en_el_popup_que_el_monto_total_sea_calculado_correctamente()&amp#27;[0m
  &amp#27;[36mWhen &amp#27;[0m&amp#27;[36mfinalizo la compra&amp#27;[0m                                               &amp#27;[90m# com.example.stepdefinitions.StoreSteps.finalizo_la_compra()&amp#27;[0m
  &amp#27;[36mThen &amp#27;[0m&amp#27;[36mvalido el titulo de la pagina del carrito&amp#27;[0m                        &amp#27;[90m# com.example.stepdefinitions.StoreSteps.valido_el_titulo_de_la_pagina_del_carrito()&amp#27;[0m
  &amp#27;[36mAnd &amp#27;[0m&amp#27;[36mvuelvo a validar el calculo de precios en el carrito&amp#27;[0m              &amp#27;[90m# com.example.stepdefinitions.StoreSteps.vuelvo_a_validar_el_calculo_de_precios_en_el_carrito()&amp#27;[0m
Iniciando generación del informe PDF...
El directorio 'target' ya existe.
Usando directorio: C:\Users\ADRIAN\tienda-automatizador\target
Intentando generar el informe PDF en: C:\Users\ADRIAN\tienda-automatizador\target\TestReport.pdf
]]></system-out>
    <system-err><![CDATA[SLF4J: Failed to load class "org.slf4j.impl.StaticLoggerBinder".
SLF4J: Defaulting to no-operation (NOP) logger implementation
SLF4J: See http://www.slf4j.org/codes.html#StaticLoggerBinder for further details.
Starting ChromeDriver 114.0.5735.90 (386bc09e8f4f2e025eddae123f36f6263096ae49-refs/branch-heads/5735@{#1052}) on port 30775
Only local connections are allowed.
Please see https://chromedriver.chromium.org/security-considerations for suggestions on keeping ChromeDriver safe.
ChromeDriver was started successfully.
Error al generar el informe PDF: Cannot invoke "java.util.List.iterator()" because "testResults" is null
java.lang.NullPointerException: Cannot invoke "java.util.List.iterator()" because "testResults" is null
	at com.example.utils.PdfReportGenerator.generateReport(PdfReportGenerator.java:34)
	at com.example.stepdefinitions.StoreSteps.tearDown(StoreSteps.java:39)
	at java.base/jdk.internal.reflect.DirectMethodHandleAccessor.invoke(DirectMethodHandleAccessor.java:103)
	at java.base/java.lang.reflect.Method.invoke(Method.java:580)
	at io.cucumber.java.Invoker.doInvoke(Invoker.java:66)
	at io.cucumber.java.Invoker.invoke(Invoker.java:24)
	at io.cucumber.java.AbstractGlueDefinition.invokeMethod(AbstractGlueDefinition.java:47)
	at io.cucumber.java.JavaHookDefinition.execute(JavaHookDefinition.java:59)
	at io.cucumber.core.runner.CoreHookDefinition.execute(CoreHookDefinition.java:46)
	at io.cucumber.core.runner.HookDefinitionMatch.runStep(HookDefinitionMatch.java:21)
	at io.cucumber.core.runner.ExecutionMode$1.execute(ExecutionMode.java:10)
	at io.cucumber.core.runner.TestStep.executeStep(TestStep.java:92)
	at io.cucumber.core.runner.TestStep.run(TestStep.java:64)
	at io.cucumber.core.runner.TestCase.run(TestCase.java:110)
	at io.cucumber.core.runner.Runner.runPickle(Runner.java:73)
	at io.cucumber.junit.PickleRunners$NoStepDescriptions.run(PickleRunners.java:151)
	at io.cucumber.junit.FeatureRunner.runChild(FeatureRunner.java:135)
	at io.cucumber.junit.FeatureRunner.runChild(FeatureRunner.java:27)
	at org.junit.runners.ParentRunner$4.run(ParentRunner.java:331)
	at org.junit.runners.ParentRunner$1.schedule(ParentRunner.java:79)
	at org.junit.runners.ParentRunner.runChildren(ParentRunner.java:329)
	at org.junit.runners.ParentRunner.access$100(ParentRunner.java:66)
	at org.junit.runners.ParentRunner$2.evaluate(ParentRunner.java:293)
	at org.junit.runners.ParentRunner$3.evaluate(ParentRunner.java:306)
	at org.junit.runners.ParentRunner.run(ParentRunner.java:413)
	at io.cucumber.junit.Cucumber.runChild(Cucumber.java:200)
	at io.cucumber.junit.Cucumber.runChild(Cucumber.java:90)
	at org.junit.runners.ParentRunner$4.run(ParentRunner.java:331)
	at org.junit.runners.ParentRunner$1.schedule(ParentRunner.java:79)
	at org.junit.runners.ParentRunner.runChildren(ParentRunner.java:329)
	at org.junit.runners.ParentRunner.access$100(ParentRunner.java:66)
	at org.junit.runners.ParentRunner$2.evaluate(ParentRunner.java:293)
	at io.cucumber.junit.Cucumber$RunCucumber.evaluate(Cucumber.java:235)
	at org.junit.runners.ParentRunner$3.evaluate(ParentRunner.java:306)
	at org.junit.runners.ParentRunner.run(ParentRunner.java:413)
	at org.apache.maven.surefire.junit4.JUnit4Provider.execute(JUnit4Provider.java:364)
	at org.apache.maven.surefire.junit4.JUnit4Provider.executeWithRerun(JUnit4Provider.java:272)
	at org.apache.maven.surefire.junit4.JUnit4Provider.executeTestSet(JUnit4Provider.java:237)
	at org.apache.maven.surefire.junit4.JUnit4Provider.invoke(JUnit4Provider.java:158)
	at org.apache.maven.surefire.booter.ForkedBooter.runSuitesInProcess(ForkedBooter.java:428)
	at org.apache.maven.surefire.booter.ForkedBooter.execute(ForkedBooter.java:162)
	at org.apache.maven.surefire.booter.ForkedBooter.run(ForkedBooter.java:562)
	at org.apache.maven.surefire.booter.ForkedBooter.main(ForkedBooter.java:548)
]]></system-err>
  </testcase>
</testsuite>